chunk-TYILIMWK.js?v=5aafeb02:21551 Download the React DevTools for a better development experience: https://reactjs.org/link/react-devtools
client:797 Refused to load the stylesheet 'https://fonts.googleapis.com/css2?family=Bebas+Neue&family=Syne:wght@400;600;700;800&family=DM+Mono:ital,wght@0,300;0,400;1,300&family=Playfair+Display:ital,wght@0,400;0,600;1,400&display=swap' because it violates the following Content Security Policy directive: "style-src 'self' 'unsafe-inline'". Note that 'style-src-elem' was not explicitly set, so 'style-src' is used as a fallback.

updateStyle @ client:797
logCollector.ts:94 [ForgeJunction] Log collector initialised.
VM327 sandbox_bundle:2 Electron Security Warning (Disabled webSecurity) This renderer process has "webSecurity" disabled. This
  exposes users of this app to severe security risks.

For more information and help, consult
https://electronjs.org/docs/tutorial/security.
This warning will not show up
once the app is packaged.
(anonymous) @ VM327 sandbox_bundle:2
VM327 sandbox_bundle:2 Electron Security Warning (allowRunningInsecureContent) This renderer process has "allowRunningInsecureContent"
  enabled. This exposes users of this app to severe security risks.

  
For more information and help, consult
https://electronjs.org/docs/tutorial/security.
This warning will not show up
once the app is packaged.
(anonymous) @ VM327 sandbox_bundle:2
logCollector.ts:94 SOURCE MEDIA clearIncompatibleSlots: kept Array(0)
Refused to load the image '<URL>' because it violates the following Content Security Policy directive: "img-src 'self' https: data: blob:".

Refused to load the image '<URL>' because it violates the following Content Security Policy directive: "img-src 'self' https: data: blob:".

Refused to load the image '<URL>' because it violates the following Content Security Policy directive: "img-src 'self' https: data: blob:".

Refused to load the image '<URL>' because it violates the following Content Security Policy directive: "img-src 'self' https: data: blob:".

Refused to load the image '<URL>' because it violates the following Content Security Policy directive: "img-src 'self' https: data: blob:".

Refused to load the image '<URL>' because it violates the following Content Security Policy directive: "img-src 'self' https: data: blob:".

localhost/:1 Refused to load the image 'http://docs.graydient.ai/wp-content/uploads/sites/7/2024/02/hassaku13.jpg' because it violates the following Content Security Policy directive: "img-src 'self' https: data: blob:".

localhost/:1 Refused to load the image 'http://docs.graydient.ai/wp-content/uploads/sites/7/2024/02/hassaku13.jpg' because it violates the following Content Security Policy directive: "img-src 'self' https: data: blob:".

localhost/:1 Refused to load the image 'http://docs.graydient.ai/wp-content/uploads/sites/7/2024/02/hassaku13.jpg' because it violates the following Content Security Policy directive: "img-src 'self' https: data: blob:".

localhost/:1 Refused to load the image 'http://docs.graydient.ai/wp-content/uploads/sites/7/2024/02/hassaku13.jpg' because it violates the following Content Security Policy directive: "img-src 'self' https: data: blob:".

localhost/:1 Refused to load the image 'http://docs.graydient.ai/wp-content/uploads/sites/7/2024/02/hassaku13.jpg' because it violates the following Content Security Policy directive: "img-src 'self' https: data: blob:".

localhost/:1 Refused to load the image 'http://docs.graydient.ai/wp-content/uploads/sites/7/2024/02/hassaku13.jpg' because it violates the following Content Security Policy directive: "img-src 'self' https: data: blob:".

tiptoedoggy.png:1 
        
        
       Failed to load resource: the server responded with a status of 404 ()
povtripleoral.png:1 
        
        
       Failed to load resource: the server responded with a status of 404 ()
bentovertable.png:1 
        
        
       Failed to load resource: the server responded with a status of 404 ()
boundandgagged.png:1 
        
        
       Failed to load resource: the server responded with a status of 404 ()
photo_2023-05-26_12-15-58-jpg.webp:1 
        
        
       Failed to load resource: the server responded with a status of 404 ()
photo_2023-05-26_14-11-26-jpg.webp:1 
        
        
       Failed to load resource: the server responded with a status of 404 ()
photo_2023-05-27_16-27-41.png:1 
        
        
       Failed to load resource: the server responded with a status of 404 ()
photo_2023-05-27_20-19-31.png:1 
        
        
       Failed to load resource: the server responded with a status of 404 ()
photo_2023-05-28_13-55-50.png:1 
        
        
       Failed to load resource: the server responded with a status of 404 ()
photo_2023-05-29_17-12-11.png:1 
        
        
       Failed to load resource: the server responded with a status of 404 ()
2023-05-31-22.10.50edit-jpg.webp:1 
        
        
       Failed to load resource: the server responded with a status of 404 ()
photo_2023-06-01_10-40-18.png:1 
        
        
       Failed to load resource: the server responded with a status of 404 ()
breasts-helper.jpg:1 
        
        
       Failed to load resource: net::ERR_NAME_NOT_RESOLVED
photo_2023-06-21_14-52-09.png:1 
        
        
       Failed to load resource: the server responded with a status of 404 ()
photo_2023-06-23_16-50-34.png:1 
        
        
       Failed to load resource: the server responded with a status of 404 ()
photo_2023-06-24_15-09-56.png:1 
        
        
       Failed to load resource: the server responded with a status of 404 ()
photo_2023-06-26_11-15-25.png:1 
        
        
       Failed to load resource: the server responded with a status of 404 ()
photo_2023-06-26_13-06-59.png:1 
        
        
       Failed to load resource: the server responded with a status of 404 ()
photo_2023-06-28_12-22-36.png:1 
        
        
       Failed to load resource: the server responded with a status of 404 ()
photo_2023-07-04_11-43-04.png:1 
        
        
       Failed to load resource: the server responded with a status of 404 ()
logCollector.ts:94 SOURCE MEDIA clearIncompatibleSlots: kept Array(0)
logCollector.ts:94 SOURCE MEDIA clearIncompatibleSlots: kept Array(0)
chunk-TYILIMWK.js?v=5aafeb02:5760 Unable to preventDefault inside passive event listener invocation.
preventDefault @ chunk-TYILIMWK.js?v=5aafeb02:5760
Show 1 more frame
Show less
chunk-TYILIMWK.js?v=5aafeb02:5760 Unable to preventDefault inside passive event listener invocation.
preventDefault @ chunk-TYILIMWK.js?v=5aafeb02:5760
Show 1 more frame
Show less
chunk-TYILIMWK.js?v=5aafeb02:5760 Unable to preventDefault inside passive event listener invocation.
preventDefault @ chunk-TYILIMWK.js?v=5aafeb02:5760
Show 1 more frame
Show less
chunk-TYILIMWK.js?v=5aafeb02:5760 Unable to preventDefault inside passive event listener invocation.
preventDefault @ chunk-TYILIMWK.js?v=5aafeb02:5760
Show 1 more frame
Show less
chunk-TYILIMWK.js?v=5aafeb02:5760 Unable to preventDefault inside passive event listener invocation.
preventDefault @ chunk-TYILIMWK.js?v=5aafeb02:5760
Show 1 more frame
Show less
chunk-TYILIMWK.js?v=5aafeb02:5760 Unable to preventDefault inside passive event listener invocation.
preventDefault @ chunk-TYILIMWK.js?v=5aafeb02:5760
Show 1 more frame
Show less
chunk-TYILIMWK.js?v=5aafeb02:5760 Unable to preventDefault inside passive event listener invocation.
preventDefault @ chunk-TYILIMWK.js?v=5aafeb02:5760
Show 1 more frame
Show less
chunk-TYILIMWK.js?v=5aafeb02:5760 Unable to preventDefault inside passive event listener invocation.
preventDefault @ chunk-TYILIMWK.js?v=5aafeb02:5760
Show 1 more frame
Show less
chunk-TYILIMWK.js?v=5aafeb02:5760 Unable to preventDefault inside passive event listener invocation.
preventDefault @ chunk-TYILIMWK.js?v=5aafeb02:5760
Show 1 more frame
Show less
chunk-TYILIMWK.js?v=5aafeb02:5760 Unable to preventDefault inside passive event listener invocation.
preventDefault @ chunk-TYILIMWK.js?v=5aafeb02:5760
Show 1 more frame
Show less
chunk-TYILIMWK.js?v=5aafeb02:5760 Unable to preventDefault inside passive event listener invocation.
preventDefault @ chunk-TYILIMWK.js?v=5aafeb02:5760
Show 1 more frame
Show less
chunk-TYILIMWK.js?v=5aafeb02:5760 Unable to preventDefault inside passive event listener invocation.
preventDefault @ chunk-TYILIMWK.js?v=5aafeb02:5760
Show 1 more frame
Show less
chunk-TYILIMWK.js?v=5aafeb02:5760 Unable to preventDefault inside passive event listener invocation.
preventDefault @ chunk-TYILIMWK.js?v=5aafeb02:5760
Show 1 more frame
Show less
chunk-TYILIMWK.js?v=5aafeb02:5760 Unable to preventDefault inside passive event listener invocation.
preventDefault @ chunk-TYILIMWK.js?v=5aafeb02:5760
Show 1 more frame
Show less
chunk-TYILIMWK.js?v=5aafeb02:5760 Unable to preventDefault inside passive event listener invocation.
preventDefault @ chunk-TYILIMWK.js?v=5aafeb02:5760
Show 1 more frame
Show less
chunk-TYILIMWK.js?v=5aafeb02:5760 Unable to preventDefault inside passive event listener invocation.
preventDefault @ chunk-TYILIMWK.js?v=5aafeb02:5760
Show 1 more frame
Show less
chunk-TYILIMWK.js?v=5aafeb02:5760 Unable to preventDefault inside passive event listener invocation.
preventDefault @ chunk-TYILIMWK.js?v=5aafeb02:5760
Show 1 more frame
Show less
chunk-TYILIMWK.js?v=5aafeb02:5760 Unable to preventDefault inside passive event listener invocation.
preventDefault @ chunk-TYILIMWK.js?v=5aafeb02:5760
Show 1 more frame
Show less
chunk-TYILIMWK.js?v=5aafeb02:5760 Unable to preventDefault inside passive event listener invocation.
preventDefault @ chunk-TYILIMWK.js?v=5aafeb02:5760
Show 1 more frame
Show less
chunk-TYILIMWK.js?v=5aafeb02:5760 Unable to preventDefault inside passive event listener invocation.
preventDefault @ chunk-TYILIMWK.js?v=5aafeb02:5760
Show 1 more frame
Show less
chunk-TYILIMWK.js?v=5aafeb02:5760 Unable to preventDefault inside passive event listener invocation.
preventDefault @ chunk-TYILIMWK.js?v=5aafeb02:5760
Show 1 more frame
Show less
chunk-TYILIMWK.js?v=5aafeb02:5760 Unable to preventDefault inside passive event listener invocation.
preventDefault @ chunk-TYILIMWK.js?v=5aafeb02:5760
Show 1 more frame
Show less
chunk-TYILIMWK.js?v=5aafeb02:5760 Unable to preventDefault inside passive event listener invocation.
preventDefault @ chunk-TYILIMWK.js?v=5aafeb02:5760
Show 1 more frame
Show less
tiptoedoggy.png:1 
        
        
       Failed to load resource: the server responded with a status of 404 ()
povtripleoral.png:1 
        
        
       Failed to load resource: the server responded with a status of 404 ()
bentovertable.png:1 
        
        
       Failed to load resource: the server responded with a status of 404 ()
boundandgagged.png:1 
        
        
       Failed to load resource: the server responded with a status of 404 ()
photo_2023-05-26_12-15-58-jpg.webp:1 
        
        
       Failed to load resource: the server responded with a status of 404 ()
photo_2023-05-26_14-11-26-jpg.webp:1 
        
        
       Failed to load resource: the server responded with a status of 404 ()
photo_2023-05-27_16-27-41.png:1 
        
        
       Failed to load resource: the server responded with a status of 404 ()
photo_2023-05-27_20-19-31.png:1 
        
        
       Failed to load resource: the server responded with a status of 404 ()
photo_2023-05-28_13-55-50.png:1 
        
        
       Failed to load resource: the server responded with a status of 404 ()
photo_2023-05-29_17-12-11.png:1 
        
        
       Failed to load resource: the server responded with a status of 404 ()
2023-05-31-22.10.50edit-jpg.webp:1 
        
        
       Failed to load resource: the server responded with a status of 404 ()
photo_2023-06-01_10-40-18.png:1 
        
        
       Failed to load resource: the server responded with a status of 404 ()
photo_2023-06-21_14-52-09.png:1 
        
        
       Failed to load resource: the server responded with a status of 404 ()
photo_2023-06-23_16-50-34.png:1 
        
        
       Failed to load resource: the server responded with a status of 404 ()
photo_2023-06-24_15-09-56.png:1 
        
        
       Failed to load resource: the server responded with a status of 404 ()
photo_2023-06-26_11-15-25.png:1 
        
        
       Failed to load resource: the server responded with a status of 404 ()
photo_2023-06-26_13-06-59.png:1 
        
        
       Failed to load resource: the server responded with a status of 404 ()
photo_2023-06-28_12-22-36.png:1 
        
        
       Failed to load resource: the server responded with a status of 404 ()
photo_2023-07-04_11-43-04.png:1 
        
        
       Failed to load resource: the server responded with a status of 404 ()
breasts-helper.jpg:1 
        
        
       Failed to load resource: net::ERR_NAME_NOT_RESOLVED
logCollector.ts:94 SOURCE MEDIA clearIncompatibleSlots: kept Array(0)
tiptoedoggy.png:1 
        
        
       Failed to load resource: the server responded with a status of 404 ()
povtripleoral.png:1 
        
        
       Failed to load resource: the server responded with a status of 404 ()
bentovertable.png:1 
        
        
       Failed to load resource: the server responded with a status of 404 ()
boundandgagged.png:1 
        
        
       Failed to load resource: the server responded with a status of 404 ()
photo_2023-05-26_12-15-58-jpg.webp:1 
        
        
       Failed to load resource: the server responded with a status of 404 ()
photo_2023-05-26_14-11-26-jpg.webp:1 
        
        
       Failed to load resource: the server responded with a status of 404 ()
photo_2023-05-27_16-27-41.png:1 
        
        
       Failed to load resource: the server responded with a status of 404 ()
photo_2023-05-27_20-19-31.png:1 
        
        
       Failed to load resource: the server responded with a status of 404 ()
photo_2023-05-28_13-55-50.png:1 
        
        
       Failed to load resource: the server responded with a status of 404 ()
photo_2023-05-29_17-12-11.png:1 
        
        
       Failed to load resource: the server responded with a status of 404 ()
2023-05-31-22.10.50edit-jpg.webp:1 
        
        
       Failed to load resource: the server responded with a status of 404 ()
photo_2023-06-01_10-40-18.png:1 
        
        
       Failed to load resource: the server responded with a status of 404 ()
breasts-helper.jpg:1 
        
        
       Failed to load resource: net::ERR_NAME_NOT_RESOLVED
photo_2023-06-21_14-52-09.png:1 
        
        
       Failed to load resource: the server responded with a status of 404 ()
photo_2023-06-23_16-50-34.png:1 
        
        
       Failed to load resource: the server responded with a status of 404 ()
photo_2023-06-24_15-09-56.png:1 
        
        
       Failed to load resource: the server responded with a status of 404 ()
photo_2023-06-26_11-15-25.png:1 
        
        
       Failed to load resource: the server responded with a status of 404 ()
photo_2023-06-26_13-06-59.png:1 
        
        
       Failed to load resource: the server responded with a status of 404 ()
photo_2023-06-28_12-22-36.png:1 
        
        
       Failed to load resource: the server responded with a status of 404 ()
photo_2023-07-04_11-43-04.png:1 
        
        
       Failed to load resource: the server responded with a status of 404 ()
logCollector.ts:94 SOURCE MEDIA clearIncompatibleSlots: kept Array(0)
logCollector.ts:94 [RQ] START id=1773652358607-hdgla73bcd4 prompt="/size:738x738 /images:1 (Cinematic, Epic, Intense, Significant) Ominous super massive blackhole with red glow, dramatic back view of floating astronaut with moody red backlighting,"
logCollector.ts:94 RENDER REQUEST BODY: {
  "prompt": "(Cinematic, Epic, Intense, Significant) Ominous super massive blackhole with red glow, dramatic back view of floating astronaut with moody red backlighting,",
  "task": "workflow",
  "progressive_return": true,
  "options_text": "",
  "options": "/run:artful-flux /size:738x738 /images:1",
  "placeholders": {},
  "stream": true,
  "client_request_id": "1773652358633-7huolfic6qk"
}
logCollector.ts:94 RENDER RESPONSE STATUS: 200
localhost/:1 Refused to load the stylesheet 'https://fonts.googleapis.com/css2?family=Bebas+Neue&family=Syne:wght@400;600;700;800&family=DM+Mono:ital,wght@0,300;0,400;1,300&family=Playfair+Display:ital,wght@0,400;0,600;1,400&display=swap' because it violates the following Content Security Policy directive: "style-src 'self' 'unsafe-inline'". Note that 'style-src-elem' was not explicitly set, so 'style-src' is used as a fallback.

